12:47:06.585 [main] INFO  tests.LoginTest - Login test got passed
12:47:06.634 [main] DEBUG tests.LoginTest - Driver closed
12:51:50.891 [main] DEBUG tests.LoginTest - Browser got launched
12:51:52.960 [main] DEBUG tests.LoginTest - Navigated to application URL
12:51:53.045 [main] DEBUG tests.LoginTest - Clicked on My Account dropdown
12:51:55.403 [main] DEBUG tests.LoginTest - Clicked on login option
12:51:55.486 [main] DEBUG tests.LoginTest - Email andress got entered
12:51:55.545 [main] DEBUG tests.LoginTest - Password got entered
12:51:58.090 [main] DEBUG tests.LoginTest - Clicked on Loggin Button
12:51:58.151 [main] DEBUG tests.LoginTest - User got logged in
12:51:58.152 [main] INFO  tests.LoginTest - Login test got passed
12:51:58.209 [main] DEBUG tests.LoginTest - Driver closed
13:14:22.467 [TestNG-tests-4] DEBUG tests.LoginTest - Browser got launched
13:14:24.778 [TestNG-tests-4] DEBUG tests.LoginTest - Navigated to application URL
13:14:24.938 [TestNG-tests-4] DEBUG tests.LoginTest - Clicked on My Account dropdown
13:14:27.337 [TestNG-tests-4] DEBUG tests.LoginTest - Clicked on login option
13:14:27.404 [TestNG-tests-4] DEBUG tests.LoginTest - Email andress got entered
13:14:27.447 [TestNG-tests-4] DEBUG tests.LoginTest - Password got entered
13:14:30.028 [TestNG-tests-4] DEBUG tests.LoginTest - Clicked on Loggin Button
13:14:30.068 [TestNG-tests-4] DEBUG tests.LoginTest - User got logged in
13:14:30.069 [TestNG-tests-4] INFO  tests.LoginTest - Login test got passed
13:14:30.129 [TestNG-tests-4] DEBUG tests.LoginTest - Driver closed
